Called calloc         
Number of members: 1
Size   of members: 240
Returned: 0x639091e60660          
----------------------
Called realloc        
Size in bytes: 304    
Returned: 0x639091e61a90          
----------------------
Called realloc        
Size in bytes: 432    
Returned: 0x639091e61a90          
----------------------
Called realloc        
Size in bytes: 304    
Returned: 0x639091e61a90          
----------------------
Called realloc        
Size in bytes: 240    
Returned: 0x639091e61a90          
----------------------
Called free           
Pointer: 0x639091e61a90           
----------------------
